<?xml version="1.0" encoding="UTF-8" ?>
<testsuite tests="6" failures="0" name="com.zakj.swkj.HibernateTest" time="0.737" errors="0" skipped="0">
  <properties>
[...]
</properties>
  <testcase classname="com.zakj.swkj.HibernateTest" name="test3" time="0.267"/>
  <testcase classname="com.zakj.swkj.HibernateTest" name="test1" time="0.068"/>
  <testcase classname="com.zakj.swkj.HibernateTest" name="test06" time="0.033"/>
  <testcase classname="com.zakj.swkj.HibernateTest" name="test05" time="0.227"/>
  <testcase classname="com.zakj.swkj.HibernateTest" name="test2" time="0.116"/>
  <testcase classname="com.zakj.swkj.HibernateTest" name="test4" time="0.026"/>
</testsuite>